{
  "RSpec": {
    "coverage": {
      "/Users/student/Desktop/Projects/gilded-rose-tech-test/spec/gilded_rose_spec.rb": {
        "lines": [
          1,
          null,
          1,
          null,
          1,
          1,
          1,
          1,
          1,
          null,
          null,
          1,
          1,
          4,
          null,
          null,
          1,
          1,
          4,
          null,
          null,
          1,
          1,
          1,
          1,
          null,
          null,
          1,
          1,
          1,
          1,
          50,
          null,
          1,
          null,
          null,
          1,
          null,
          1,
          1,
          1,
          1,
          null,
          null,
          1,
          1,
          1,
          1,
          null,
          null,
          1,
          1,
          1,
          1,
          null,
          null,
          1,
          1,
          1,
          1,
          null,
          null,
          1,
          1,
          1,
          1,
          50,
          null,
          1,
          null,
          null,
          null,
          1,
          null,
          1,
          1,
          1,
          1,
          null,
          null,
          1,
          1,
          1,
          1,
          null,
          null,
          null,
          1,
          null,
          1,
          1,
          1,
          1,
          null,
          null,
          1,
          1,
          1,
          1,
          null,
          null,
          1,
          1,
          1,
          1,
          null,
          null,
          1,
          1,
          1,
          1,
          null,
          null,
          null,
          null,
          null
        ]
      },
      "/Users/student/Desktop/Projects/gilded-rose-tech-test/lib/gilded_rose.rb": {
        "lines": [
          1,
          null,
          1,
          null,
          1,
          16,
          null,
          null,
          1,
          114,
          114,
          114,
          114,
          114,
          3,
          null,
          114,
          2,
          null,
          null,
          0,
          null,
          114,
          102,
          49,
          null,
          53,
          1,
          null,
          52,
          null,
          null,
          null,
          null,
          null,
          null,
          1,
          null,
          1,
          0,
          null,
          null,
          1,
          220,
          30,
          null,
          null,
          null,
          1,
          112,
          null,
          null,
          1,
          220,
          null,
          null,
          1,
          216,
          null,
          null,
          1,
          166,
          null,
          null,
          1,
          335,
          null,
          null,
          null
        ]
      },
      "/Users/student/Desktop/Projects/gilded-rose-tech-test/lib/item.rb": {
        "lines": [
          1,
          1,
          null,
          1,
          16,
          16,
          16,
          null,
          null,
          1,
          0,
          null,
          null
        ]
      }
    },
    "timestamp": 1587720258
  }
}
