{
  "RSpec": {
    "coverage": {
      "/Users/student/Desktop/Projects/gilded-rose-tech-test/spec/gilded_rose_spec.rb": {
        "lines": [
          1,
          null,
          1,
          null,
          1,
          1,
          1,
          1,
          1,
          null,
          null,
          1,
          1,
          4,
          null,
          null,
          1,
          1,
          4,
          null,
          null,
          1,
          1,
          1,
          1,
          null,
          null,
          1,
          1,
          1,
          1,
          null,
          null,
          1,
          null,
          1,
          1,
          1,
          1,
          null,
          null,
          1,
          1,
          1,
          1,
          null,
          null,
          1,
          1,
          1,
          1,
          null,
          null,
          1,
          1,
          1,
          1,
          null,
          null,
          1,
          1,
          1,
          1,
          50,
          null,
          1,
          null,
          null,
          null,
          1,
          null,
          1,
          1,
          1,
          1,
          null,
          null,
          1,
          1,
          1,
          1,
          null,
          null,
          null,
          1,
          null,
          1,
          1,
          1,
          1,
          null,
          null,
          1,
          1,
          1,
          1,
          null,
          null,
          1,
          1,
          1,
          1,
          null,
          null,
          1,
          1,
          1,
          1,
          null,
          null,
          null,
          null,
          null
        ]
      },
      "/Users/student/Desktop/Projects/gilded-rose-tech-test/lib/gilded_rose.rb": {
        "lines": [
          1,
          null,
          1,
          null,
          1,
          1,
          null,
          1,
          16,
          null,
          null,
          1,
          65,
          65,
          65,
          65,
          60,
          60,
          60,
          null,
          65,
          53,
          53,
          53,
          null,
          null,
          null,
          null,
          1,
          null,
          1,
          183,
          null,
          null,
          1,
          122,
          20,
          null,
          null,
          null,
          1,
          63,
          null,
          null,
          1,
          122,
          null,
          null,
          1,
          236,
          null,
          null,
          1,
          82,
          null,
          null,
          1,
          199,
          null,
          null,
          null
        ]
      },
      "/Users/student/Desktop/Projects/gilded-rose-tech-test/lib/item.rb": {
        "lines": [
          1,
          1,
          null,
          1,
          16,
          16,
          16,
          null,
          null,
          1,
          0,
          null,
          null
        ]
      }
    },
    "timestamp": 1587722449
  }
}
